<?xml version="1.0" encoding="UTF-8"?>
<testsuite xmlns:xsi="http://www.w3.org/2001/XMLSchema-instance" xsi:noNamespaceSchemaLocation="https://maven.apache.org/surefire/maven-surefire-plugin/xsd/surefire-test-report.xsd" name="ie.tcd.ir.grouptwelve.AppTest" time="0.014" tests="1" errors="0" skipped="0" failures="0">
  <properties>
    <property name="java.specification.version" value="21"/>
    <property name="sun.jnu.encoding" value="UTF-8"/>
    <property name="java.class.path" value="/Users/jackmcauliffe/Documents/IR-Assignment2/target/test-classes:/Users/jackmcauliffe/Documents/IR-Assignment2/target/classes:/Users/jackmcauliffe/.m2/repository/org/apache/lucene/lucene-core/8.0.0/lucene-core-8.0.0.jar:/Users/jackmcauliffe/.m2/repository/org/apache/lucene/lucene-queryparser/8.0.0/lucene-queryparser-8.0.0.jar:/Users/jackmcauliffe/.m2/repository/org/apache/lucene/lucene-queries/8.0.0/lucene-queries-8.0.0.jar:/Users/jackmcauliffe/.m2/repository/org/apache/lucene/lucene-sandbox/8.0.0/lucene-sandbox-8.0.0.jar:/Users/jackmcauliffe/.m2/repository/org/apache/lucene/lucene-analyzers-common/8.0.0/lucene-analyzers-common-8.0.0.jar:/Users/jackmcauliffe/.m2/repository/junit/junit/4.13.1/junit-4.13.1.jar:/Users/jackmcauliffe/.m2/repository/org/hamcrest/hamcrest-core/1.3/hamcrest-core-1.3.jar:/Users/jackmcauliffe/.m2/repository/org/jsoup/jsoup/1.16.2/jsoup-1.16.2.jar:"/>
    <property name="java.vm.vendor" value="Homebrew"/>
    <property name="sun.arch.data.model" value="64"/>
    <property name="java.vendor.url" value="https://github.com/Homebrew/homebrew-core/issues"/>
    <property name="os.name" value="Mac OS X"/>
    <property name="java.vm.specification.version" value="21"/>
    <property name="sun.java.launcher" value="SUN_STANDARD"/>
    <property name="user.country" value="IE"/>
    <property name="sun.boot.library.path" value="/opt/homebrew/Cellar/openjdk/21/libexec/openjdk.jdk/Contents/Home/lib"/>
    <property name="sun.java.command" value="/Users/jackmcauliffe/Documents/IR-Assignment2/target/surefire/surefirebooter11468961871778334156.jar /Users/jackmcauliffe/Documents/IR-Assignment2/target/surefire 2023-11-17T02-00-56_594-jvmRun1 surefire17857779114517051533tmp surefire_09655085730836736016tmp"/>
    <property name="http.nonProxyHosts" value="local|*.local|169.254/16|*.169.254/16"/>
    <property name="jdk.debug" value="release"/>
    <property name="surefire.test.class.path" value="/Users/jackmcauliffe/Documents/IR-Assignment2/target/test-classes:/Users/jackmcauliffe/Documents/IR-Assignment2/target/classes:/Users/jackmcauliffe/.m2/repository/org/apache/lucene/lucene-core/8.0.0/lucene-core-8.0.0.jar:/Users/jackmcauliffe/.m2/repository/org/apache/lucene/lucene-queryparser/8.0.0/lucene-queryparser-8.0.0.jar:/Users/jackmcauliffe/.m2/repository/org/apache/lucene/lucene-queries/8.0.0/lucene-queries-8.0.0.jar:/Users/jackmcauliffe/.m2/repository/org/apache/lucene/lucene-sandbox/8.0.0/lucene-sandbox-8.0.0.jar:/Users/jackmcauliffe/.m2/repository/org/apache/lucene/lucene-analyzers-common/8.0.0/lucene-analyzers-common-8.0.0.jar:/Users/jackmcauliffe/.m2/repository/junit/junit/4.13.1/junit-4.13.1.jar:/Users/jackmcauliffe/.m2/repository/org/hamcrest/hamcrest-core/1.3/hamcrest-core-1.3.jar:/Users/jackmcauliffe/.m2/repository/org/jsoup/jsoup/1.16.2/jsoup-1.16.2.jar:"/>
    <property name="sun.cpu.endian" value="little"/>
    <property name="user.home" value="/Users/jackmcauliffe"/>
    <property name="user.language" value="en"/>
    <property name="java.specification.vendor" value="Oracle Corporation"/>
    <property name="java.version.date" value="2023-09-19"/>
    <property name="java.home" value="/opt/homebrew/Cellar/openjdk/21/libexec/openjdk.jdk/Contents/Home"/>
    <property name="file.separator" value="/"/>
    <property name="basedir" value="/Users/jackmcauliffe/Documents/IR-Assignment2"/>
    <property name="java.vm.compressedOopsMode" value="Zero based"/>
    <property name="line.separator" value="&#10;"/>
    <property name="java.vm.specification.vendor" value="Oracle Corporation"/>
    <property name="java.specification.name" value="Java Platform API Specification"/>
    <property name="apple.awt.application.name" value="ForkedBooter"/>
    <property name="surefire.real.class.path" value="/Users/jackmcauliffe/Documents/IR-Assignment2/target/surefire/surefirebooter11468961871778334156.jar"/>
    <property name="sun.management.compiler" value="HotSpot 64-Bit Tiered Compilers"/>
    <property name="ftp.nonProxyHosts" value="local|*.local|169.254/16|*.169.254/16"/>
    <property name="java.runtime.version" value="21"/>
    <property name="user.name" value="jackmcauliffe"/>
    <property name="stdout.encoding" value="UTF-8"/>
    <property name="path.separator" value=":"/>
    <property name="os.version" value="14.0"/>
    <property name="java.runtime.name" value="OpenJDK Runtime Environment"/>
    <property name="file.encoding" value="UTF-8"/>
    <property name="java.vm.name" value="OpenJDK 64-Bit Server VM"/>
    <property name="java.vendor.version" value="Homebrew"/>
    <property name="localRepository" value="/Users/jackmcauliffe/.m2/repository"/>
    <property name="java.vendor.url.bug" value="https://github.com/Homebrew/homebrew-core/issues"/>
    <property name="java.io.tmpdir" value="/var/folders/zc/xthtbf157zz_3wmfpfs0_0y80000gn/T/"/>
    <property name="java.version" value="21"/>
    <property name="user.dir" value="/Users/jackmcauliffe/Documents/IR-Assignment2"/>
    <property name="os.arch" value="aarch64"/>
    <property name="java.vm.specification.name" value="Java Virtual Machine Specification"/>
    <property name="native.encoding" value="UTF-8"/>
    <property name="java.library.path" value="/Users/jackmcauliffe/Library/Java/Extensions:/Library/Java/Extensions:/Network/Library/Java/Extensions:/System/Library/Java/Extensions:/usr/lib/java:."/>
    <property name="java.vm.info" value="mixed mode, sharing"/>
    <property name="stderr.encoding" value="UTF-8"/>
    <property name="java.vendor" value="Homebrew"/>
    <property name="java.vm.version" value="21"/>
    <property name="sun.io.unicode.encoding" value="UnicodeBig"/>
    <property name="socksNonProxyHosts" value="local|*.local|169.254/16|*.169.254/16"/>
    <property name="java.class.version" value="65.0"/>
  </properties>
  <testcase name="shouldAnswerWithTrue" classname="ie.tcd.ir.grouptwelve.AppTest" time="0.002"/>
</testsuite>